<?xml version="1.0" encoding="UTF-8"?>
<!-- Generated by org.testng.reporters.JUnitReportReporter -->
<testsuite hostname="KT-PC" name="Numbers.Prime" tests="1" failures="0" timestamp="8 Nov 2014 09:13:40 GMT" time="0.056" errors="0">
  <testcase name="isPrimeTest" time="0.056" classname="Numbers.Prime"/>
</testsuite> <!-- Numbers.Prime -->
