<?xml version="1.0" encoding="UTF-8"?>
<!-- Generated by org.testng.reporters.JUnitReportReporter -->
<testsuite hostname="KT-PC" name="Numbers.Prime" tests="1" failures="0" timestamp="24 Oct 2014 17:31:07 GMT" time="0.048" errors="0">
  <testcase name="isPrimeTest" time="0.048" classname="Numbers.Prime"/>
</testsuite> <!-- Numbers.Prime -->
